<?xml version="1.0" encoding="UTF-8"?>
<!-- Generated by org.testng.reporters.JUnitReportReporter -->
<testsuite skipped="0" hostname="DESKTOP-JCRQDGE" name="com.alfred.mwd_project.tests.TestFileIO" tests="5" failures="0" timestamp="10 Sep 2017 21:16:55 GMT" time="0.857" errors="0">
  <testcase name="testActorsList" time="0.113" classname="com.alfred.mwd_project.tests.TestFileIO"/>
  <testcase name="testActorMoviesSet" time="0.584" classname="com.alfred.mwd_project.tests.TestFileIO"/>
  <testcase name="testMoviesList" time="0.006" classname="com.alfred.mwd_project.tests.TestFileIO"/>
  <testcase name="testMovieTagsSet" time="0.152" classname="com.alfred.mwd_project.tests.TestFileIO"/>
  <testcase name="testTagsList" time="0.002" classname="com.alfred.mwd_project.tests.TestFileIO"/>
</testsuite> <!-- com.alfred.mwd_project.tests.TestFileIO -->
