<?xml version="1.0" encoding="UTF-8"?>
<!-- Generated by org.testng.reporters.JUnitReportReporter -->
<testsuite skipped="0" hostname="DESKTOP-JCRQDGE" name="com.alfred.mwd_project.tests.TestTFIDFModelGenerator" tests="1" failures="0" timestamp="18 Sep 2017 02:57:53 GMT" time="157.417" errors="0">
  <testcase name="testUserTagModel" time="157.417" classname="com.alfred.mwd_project.tests.TestTFIDFModelGenerator"/>
</testsuite> <!-- com.alfred.mwd_project.tests.TestTFIDFModelGenerator -->
