<?xml version="1.0" encoding="UTF-8"?>
<!-- Generated by org.testng.reporters.JUnitReportReporter -->
<testsuite skipped="0" hostname="DESKTOP-JCRQDGE" name="com.alfred.mwd_project.tests.TestConnection" tests="1" failures="0" timestamp="07 Sep 2017 20:04:50 GMT" time="0.258" errors="0">
  <testcase name="testDriverConnection" time="0.258" classname="com.alfred.mwd_project.tests.TestConnection"/>
</testsuite> <!-- com.alfred.mwd_project.tests.TestConnection -->
