<?xml version="1.0" encoding="UTF-8"?>
<!-- Generated by org.testng.reporters.JUnitReportReporter -->
<testsuite skipped="0" hostname="DESKTOP-JCRQDGE" name="com.alfred.mwd_project.tests.TestMergeSort" tests="1" failures="0" timestamp="10 Sep 2017 00:17:53 GMT" time="0.014" errors="0">
  <testcase name="testMergeSort" time="0.014" classname="com.alfred.mwd_project.tests.TestMergeSort"/>
</testsuite> <!-- com.alfred.mwd_project.tests.TestMergeSort -->
