<?xml version="1.0" encoding="UTF-8"?>
<!-- Generated by org.testng.reporters.JUnitReportReporter -->
<testsuite skipped="0" hostname="DESKTOP-JCRQDGE" name="com.alfred.mwd_project.tests.TestDatabase" tests="1" failures="0" timestamp="12 Sep 2017 01:36:12 GMT" time="88.165" errors="0">
  <testcase name="testTagTable" time="88.165" classname="com.alfred.mwd_project.tests.TestDatabase"/>
</testsuite> <!-- com.alfred.mwd_project.tests.TestDatabase -->
