<?xml version="1.0" encoding="UTF-8"?>
<!-- Generated by org.testng.reporters.JUnitReportReporter -->
<testsuite skipped="0" hostname="DESKTOP-JCRQDGE" name="com.alfred.mwd_project.tests.TestDifferentiatorModel" tests="1" failures="0" timestamp="18 Sep 2017 06:29:27 GMT" time="22.682" errors="0">
  <testcase name="testPDIFF_1" time="22.682" classname="com.alfred.mwd_project.tests.TestDifferentiatorModel"/>
</testsuite> <!-- com.alfred.mwd_project.tests.TestDifferentiatorModel -->
